
[2024-01-05 19:26:59] Текст ошибки: Не найден вид: F:\0_SERVER\OSPanel_543\domains\php-security-work.pp/app/views/admin/Main/index.php | Файл: F:\0_SERVER\OSPanel_543\domains\php-security-work.pp\vendor\wfm\View.php | Строка: 39
=================
[2024-01-05 22:07:00] Текст ошибки: eeeeeeeeeeeeeee | Файл: F:\0_SERVER\OSPanel_543\domains\php-security-work.pp\public\index.php | Строка: 17
=================
[2024-01-05 22:56:10] Текст ошибки: Call to undefined method app\controllers\PageController::getModel() | Файл: F:\0_SERVER\OSPanel_543\domains\php-security-work.pp\vendor\wfm\Router.php | Строка: 46
=================
[2024-01-05 22:56:22] Текст ошибки: Call to undefined method app\controllers\PageController::getModel() | Файл: F:\0_SERVER\OSPanel_543\domains\php-security-work.pp\vendor\wfm\Router.php | Строка: 46
=================
[2024-01-05 22:56:29] Текст ошибки: Страница не найдена! | Файл: F:\0_SERVER\OSPanel_543\domains\php-security-work.pp\vendor\wfm\Router.php | Строка: 61
=================
[2024-01-05 22:58:12] Текст ошибки: Страница не найдена! | Файл: F:\0_SERVER\OSPanel_543\domains\php-security-work.pp\vendor\wfm\Router.php | Строка: 61
=================
[2024-01-05 22:59:21] Текст ошибки: Страница не найдена! | Файл: F:\0_SERVER\OSPanel_543\domains\php-security-work.pp\vendor\wfm\Router.php | Строка: 61
=================
[2024-01-05 23:15:31] Текст ошибки: Страница не найдена! | Файл: F:\0_SERVER\OSPanel_543\domains\php-security-work.pp\vendor\wfm\Router.php | Строка: 61
=================
[2024-01-05 23:16:01] Текст ошибки: Страница не найдена! | Файл: F:\0_SERVER\OSPanel_543\domains\php-security-work.pp\vendor\wfm\Router.php | Строка: 61
=================
[2024-01-05 23:33:31] Текст ошибки: Страница не найдена! | Файл: F:\0_SERVER\OSPanel_543\domains\php-security-work.pp\vendor\wfm\Router.php | Строка: 60
=================
[2024-01-06 15:49:42] Текст ошибки: Не найден вид: F:\0_SERVER\OSPanel_543\domains\php-security-work.pp/app/views/admin/Main/index.php | Файл: F:\0_SERVER\OSPanel_543\domains\php-security-work.pp\vendor\wfm\View.php | Строка: 39
=================
[2024-01-06 15:49:45] Текст ошибки: Страница не найдена! | Файл: F:\0_SERVER\OSPanel_543\domains\php-security-work.pp\vendor\wfm\Router.php | Строка: 60
=================
[2024-01-06 15:50:19] Текст ошибки: Не найден вид: F:\0_SERVER\OSPanel_543\domains\php-security-work.pp/app/views/admin/Main/index.php | Файл: F:\0_SERVER\OSPanel_543\domains\php-security-work.pp\vendor\wfm\View.php | Строка: 39
=================
[2024-01-06 15:53:42] Текст ошибки: Call to undefined method app\controllers\PageController::getModel() | Файл: F:\0_SERVER\OSPanel_543\domains\php-security-work.pp\vendor\wfm\Router.php | Строка: 45
=================
[2024-01-06 15:55:57] Текст ошибки: Страница не найдена! | Файл: F:\0_SERVER\OSPanel_543\domains\php-security-work.pp\vendor\wfm\Router.php | Строка: 60
=================
[2024-01-06 15:56:16] Текст ошибки: Страница не найдена! | Файл: F:\0_SERVER\OSPanel_543\domains\php-security-work.pp\vendor\wfm\Router.php | Строка: 60
=================
[2024-01-06 15:56:30] Текст ошибки: Call to undefined method app\controllers\PageController::getModel() | Файл: F:\0_SERVER\OSPanel_543\domains\php-security-work.pp\vendor\wfm\Router.php | Строка: 45
=================
[2024-01-06 15:58:32] Текст ошибки: Call to undefined method app\controllers\PageController::getModel() | Файл: F:\0_SERVER\OSPanel_543\domains\php-security-work.pp\vendor\wfm\Router.php | Строка: 45
=================
[2024-01-06 19:58:09] Текст ошибки: Страница не найдена! | Файл: F:\0_SERVER\OSPanel_543\domains\php-security-work.pp\vendor\wfm\Router.php | Строка: 60
=================
[2024-01-06 19:59:19] Текст ошибки: Страница не найдена! | Файл: F:\0_SERVER\OSPanel_543\domains\php-security-work.pp\vendor\wfm\Router.php | Строка: 60
=================
[2024-01-06 19:59:21] Текст ошибки: Страница не найдена! | Файл: F:\0_SERVER\OSPanel_543\domains\php-security-work.pp\vendor\wfm\Router.php | Строка: 60
=================
[2024-01-06 19:59:21] Текст ошибки: Страница не найдена! | Файл: F:\0_SERVER\OSPanel_543\domains\php-security-work.pp\vendor\wfm\Router.php | Строка: 60
=================
[2024-01-06 19:59:28] Текст ошибки: Call to undefined method app\controllers\PageController::getModel() | Файл: F:\0_SERVER\OSPanel_543\domains\php-security-work.pp\vendor\wfm\Router.php | Строка: 45
=================
[2024-01-06 20:00:58] Текст ошибки: Не найден вид: F:\0_SERVER\OSPanel_543\domains\php-security-work.pp/app/views/admin/Main/index.php | Файл: F:\0_SERVER\OSPanel_543\domains\php-security-work.pp\vendor\wfm\View.php | Строка: 39
=================
[2024-01-06 20:02:19] Текст ошибки: Страница не найдена! | Файл: F:\0_SERVER\OSPanel_543\domains\php-security-work.pp\vendor\wfm\Router.php | Строка: 60
=================
[2024-01-06 20:03:32] Текст ошибки: Call to undefined method app\controllers\PageController::getModel() | Файл: F:\0_SERVER\OSPanel_543\domains\php-security-work.pp\vendor\wfm\Router.php | Строка: 45
=================
[2024-01-06 20:03:41] Текст ошибки: Страница не найдена! | Файл: F:\0_SERVER\OSPanel_543\domains\php-security-work.pp\vendor\wfm\Router.php | Строка: 60
=================
[2024-01-06 20:06:54] Текст ошибки: Страница не найдена! | Файл: F:\0_SERVER\OSPanel_543\domains\php-security-work.pp\vendor\wfm\Router.php | Строка: 60
=================
[2024-01-06 20:08:30] Текст ошибки: Страница не найдена! | Файл: F:\0_SERVER\OSPanel_543\domains\php-security-work.pp\vendor\wfm\Router.php | Строка: 60
=================
[2024-01-06 20:08:42] Текст ошибки: Страница не найдена! | Файл: F:\0_SERVER\OSPanel_543\domains\php-security-work.pp\vendor\wfm\Router.php | Строка: 60
=================
[2024-01-06 20:08:44] Текст ошибки: Страница не найдена! | Файл: F:\0_SERVER\OSPanel_543\domains\php-security-work.pp\vendor\wfm\Router.php | Строка: 60
=================
[2024-01-06 20:08:44] Текст ошибки: Страница не найдена! | Файл: F:\0_SERVER\OSPanel_543\domains\php-security-work.pp\vendor\wfm\Router.php | Строка: 60
=================
[2024-01-06 20:08:44] Текст ошибки: Страница не найдена! | Файл: F:\0_SERVER\OSPanel_543\domains\php-security-work.pp\vendor\wfm\Router.php | Строка: 60
=================
[2024-01-06 20:08:45] Текст ошибки: Страница не найдена! | Файл: F:\0_SERVER\OSPanel_543\domains\php-security-work.pp\vendor\wfm\Router.php | Строка: 60
=================
[2024-01-06 20:08:45] Текст ошибки: Страница не найдена! | Файл: F:\0_SERVER\OSPanel_543\domains\php-security-work.pp\vendor\wfm\Router.php | Строка: 60
=================
[2024-01-06 20:08:45] Текст ошибки: Страница не найдена! | Файл: F:\0_SERVER\OSPanel_543\domains\php-security-work.pp\vendor\wfm\Router.php | Строка: 60
=================
[2024-01-06 20:08:45] Текст ошибки: Страница не найдена! | Файл: F:\0_SERVER\OSPanel_543\domains\php-security-work.pp\vendor\wfm\Router.php | Строка: 60
=================
[2024-01-06 20:10:52] Текст ошибки: Страница не найдена! | Файл: F:\0_SERVER\OSPanel_543\domains\php-security-work.pp\vendor\wfm\Router.php | Строка: 60
=================
[2024-01-06 20:10:54] Текст ошибки: Страница не найдена! | Файл: F:\0_SERVER\OSPanel_543\domains\php-security-work.pp\vendor\wfm\Router.php | Строка: 60
=================
[2024-01-06 20:10:54] Текст ошибки: Страница не найдена! | Файл: F:\0_SERVER\OSPanel_543\domains\php-security-work.pp\vendor\wfm\Router.php | Строка: 60
=================
[2024-01-06 20:11:02] Текст ошибки: Call to undefined method app\controllers\PageController::getModel() | Файл: F:\0_SERVER\OSPanel_543\domains\php-security-work.pp\vendor\wfm\Router.php | Строка: 45
=================
[2024-01-06 20:11:04] Текст ошибки: Call to undefined method app\controllers\PageController::getModel() | Файл: F:\0_SERVER\OSPanel_543\domains\php-security-work.pp\vendor\wfm\Router.php | Строка: 45
=================
[2024-01-06 20:12:16] Текст ошибки: Не найден вид: F:\0_SERVER\OSPanel_543\domains\php-security-work.pp/app/views/Page/view.php | Файл: F:\0_SERVER\OSPanel_543\domains\php-security-work.pp\vendor\wfm\View.php | Строка: 39
=================
[2024-01-06 20:13:05] Текст ошибки: Typed property wfm\Controller::$model must not be accessed before initialization | Файл: F:\0_SERVER\OSPanel_543\domains\php-security-work.pp\app\controllers\PageController.php | Строка: 15
=================
[2024-01-06 20:13:07] Текст ошибки: Typed property wfm\Controller::$model must not be accessed before initialization | Файл: F:\0_SERVER\OSPanel_543\domains\php-security-work.pp\app\controllers\PageController.php | Строка: 15
=================
[2024-01-06 20:13:38] Текст ошибки: Не найден вид: F:\0_SERVER\OSPanel_543\domains\php-security-work.pp/app/views/Page/view.php | Файл: F:\0_SERVER\OSPanel_543\domains\php-security-work.pp\vendor\wfm\View.php | Строка: 39
=================
[2024-01-06 20:13:41] Текст ошибки: Страница не найдена! | Файл: F:\0_SERVER\OSPanel_543\domains\php-security-work.pp\vendor\wfm\Router.php | Строка: 60
=================
[2024-01-06 20:18:31] Текст ошибки: Страница не найдена! | Файл: F:\0_SERVER\OSPanel_543\domains\php-security-work.pp\vendor\wfm\Router.php | Строка: 60
=================
[2024-01-06 20:18:39] Текст ошибки: Call to undefined method app\controllers\PageController::getModel() | Файл: F:\0_SERVER\OSPanel_543\domains\php-security-work.pp\vendor\wfm\Router.php | Строка: 45
=================
[2024-01-06 20:18:41] Текст ошибки: Call to undefined method app\controllers\PageController::getModel() | Файл: F:\0_SERVER\OSPanel_543\domains\php-security-work.pp\vendor\wfm\Router.php | Строка: 45
=================
[2024-01-06 20:21:41] Текст ошибки: Страница не найдена! | Файл: F:\0_SERVER\OSPanel_543\domains\php-security-work.pp\vendor\wfm\Router.php | Строка: 60
=================
[2024-01-07 20:04:42] Текст ошибки: Страница не найдена! | Файл: F:\0_SERVER\OSPanel_543\domains\php-security-work.pp\vendor\wfm\Router.php | Строка: 61
=================
[2024-01-07 20:07:20] Текст ошибки: Страница не найдена! | Файл: F:\0_SERVER\OSPanel_543\domains\php-security-work.pp\vendor\wfm\Router.php | Строка: 61
=================
[2024-01-07 20:07:40] Текст ошибки: Страница не найдена! | Файл: F:\0_SERVER\OSPanel_543\domains\php-security-work.pp\vendor\wfm\Router.php | Строка: 61
=================
[2024-01-08 07:41:56] Текст ошибки: Страница не найдена! | Файл: F:\0_SERVER\OSPanel_543\domains\php-security-work.pp\vendor\wfm\Router.php | Строка: 61
=================
[2024-01-08 08:15:56] Текст ошибки: Call to undefined method app\controllers\PageController::getModel() | Файл: F:\0_SERVER\OSPanel_543\domains\php-security-work.pp\vendor\wfm\Router.php | Строка: 48
=================
[2024-01-08 08:16:34] Текст ошибки: Call to undefined method app\controllers\PageController::getModel() | Файл: F:\0_SERVER\OSPanel_543\domains\php-security-work.pp\vendor\wfm\Router.php | Строка: 48
=================
[2024-01-08 08:16:35] Текст ошибки: Call to undefined method app\controllers\PageController::getModel() | Файл: F:\0_SERVER\OSPanel_543\domains\php-security-work.pp\vendor\wfm\Router.php | Строка: 48
=================
[2024-01-08 08:17:35] Текст ошибки: Call to undefined method app\controllers\PageController::getModel() | Файл: F:\0_SERVER\OSPanel_543\domains\php-security-work.pp\vendor\wfm\Router.php | Строка: 48
=================
[2024-01-08 08:17:37] Текст ошибки: Call to undefined method app\controllers\PageController::getModel() | Файл: F:\0_SERVER\OSPanel_543\domains\php-security-work.pp\vendor\wfm\Router.php | Строка: 48
=================
[2024-01-08 08:17:38] Текст ошибки: Call to undefined method app\controllers\PageController::getModel() | Файл: F:\0_SERVER\OSPanel_543\domains\php-security-work.pp\vendor\wfm\Router.php | Строка: 48
=================
[2024-01-08 08:17:38] Текст ошибки: Call to undefined method app\controllers\PageController::getModel() | Файл: F:\0_SERVER\OSPanel_543\domains\php-security-work.pp\vendor\wfm\Router.php | Строка: 48
=================
[2024-01-08 08:17:38] Текст ошибки: Call to undefined method app\controllers\PageController::getModel() | Файл: F:\0_SERVER\OSPanel_543\domains\php-security-work.pp\vendor\wfm\Router.php | Строка: 48
=================
[2024-01-08 08:17:38] Текст ошибки: Call to undefined method app\controllers\PageController::getModel() | Файл: F:\0_SERVER\OSPanel_543\domains\php-security-work.pp\vendor\wfm\Router.php | Строка: 48
=================
[2024-01-08 08:17:38] Текст ошибки: Call to undefined method app\controllers\PageController::getModel() | Файл: F:\0_SERVER\OSPanel_543\domains\php-security-work.pp\vendor\wfm\Router.php | Строка: 48
=================
[2024-01-08 08:17:39] Текст ошибки: Call to undefined method app\controllers\PageController::getModel() | Файл: F:\0_SERVER\OSPanel_543\domains\php-security-work.pp\vendor\wfm\Router.php | Строка: 48
=================
[2024-01-08 08:18:13] Текст ошибки: Call to undefined method app\controllers\PageController::getModel() | Файл: F:\0_SERVER\OSPanel_543\domains\php-security-work.pp\vendor\wfm\Router.php | Строка: 48
=================
[2024-01-08 08:18:29] Текст ошибки: Страница не найдена! | Файл: F:\0_SERVER\OSPanel_543\domains\php-security-work.pp\vendor\wfm\Router.php | Строка: 63
=================
[2024-01-08 08:20:16] Текст ошибки: Call to undefined method app\controllers\PageController::getModel() | Файл: F:\0_SERVER\OSPanel_543\domains\php-security-work.pp\vendor\wfm\Router.php | Строка: 48
=================
[2024-01-08 08:24:40] Текст ошибки: Call to undefined method app\controllers\PageController::getModel() | Файл: F:\0_SERVER\OSPanel_543\domains\php-security-work.pp\vendor\wfm\Router.php | Строка: 48
=================
[2024-01-08 08:59:16] Текст ошибки: Не найден вид: F:\0_SERVER\OSPanel_543\domains\php-security-work.pp/app/views/Page/view.php | Файл: F:\0_SERVER\OSPanel_543\domains\php-security-work.pp\vendor\wfm\View.php | Строка: 42
=================
[2024-01-08 08:59:26] Текст ошибки: Не найден вид: F:\0_SERVER\OSPanel_543\domains\php-security-work.pp/app/views/Page/view.php | Файл: F:\0_SERVER\OSPanel_543\domains\php-security-work.pp\vendor\wfm\View.php | Строка: 42
=================
[2024-01-08 08:59:34] Текст ошибки: Не найден вид: F:\0_SERVER\OSPanel_543\domains\php-security-work.pp/app/views/admin/Main/index.php | Файл: F:\0_SERVER\OSPanel_543\domains\php-security-work.pp\vendor\wfm\View.php | Строка: 42
=================
[2024-01-08 09:02:51] Текст ошибки: Не найден вид: F:\0_SERVER\OSPanel_543\domains\php-security-work.pp/app/views/admin/Main/index.php | Файл: F:\0_SERVER\OSPanel_543\domains\php-security-work.pp\vendor\wfm\View.php | Строка: 42
=================
[2024-01-08 09:02:52] Текст ошибки: Не найден вид: F:\0_SERVER\OSPanel_543\domains\php-security-work.pp/app/views/admin/Main/index.php | Файл: F:\0_SERVER\OSPanel_543\domains\php-security-work.pp\vendor\wfm\View.php | Строка: 42
=================
[2024-01-08 09:03:41] Текст ошибки: Call to a member function getDatabase() on null | Файл: F:\0_SERVER\OSPanel_543\domains\php-security-work.pp\vendor\wfm\View.php | Строка: 66
=================
[2024-01-08 09:04:43] Текст ошибки: Call to a member function getDatabase() on null | Файл: F:\0_SERVER\OSPanel_543\domains\php-security-work.pp\vendor\wfm\View.php | Строка: 66
=================
[2024-01-08 09:14:32] Текст ошибки: Не найден шаблон F:\0_SERVER\OSPanel_543\domains\php-security-work.pp/app/views/layouts/test.php | Файл: F:\0_SERVER\OSPanel_543\domains\php-security-work.pp\vendor\wfm\View.php | Строка: 50
=================
[2024-01-08 09:18:19] Текст ошибки: Не найден шаблон F:\0_SERVER\OSPanel_543\domains\php-security-work.pp/app/views/layouts/test2.php | Файл: F:\0_SERVER\OSPanel_543\domains\php-security-work.pp\vendor\wfm\View.php | Строка: 50
=================
[2024-01-08 11:07:48] Текст ошибки: Attempt to read property "id" on string | Файл: F:\0_SERVER\OSPanel_543\domains\php-security-work.pp\app\views\Main\index.php | Строка: 27
=================
[2024-01-08 11:12:17] Текст ошибки: Attempt to read property "id" on string | Файл: F:\0_SERVER\OSPanel_543\domains\php-security-work.pp\app\views\Main\index.php | Строка: 27
=================
[2024-01-08 11:12:44] Текст ошибки: Attempt to read property "id" on string | Файл: F:\0_SERVER\OSPanel_543\domains\php-security-work.pp\app\views\Main\index.php | Строка: 27
=================
[2024-01-08 15:33:42] Текст ошибки: Undefined variable $questions_base_pp | Файл: F:\0_SERVER\OSPanel_543\domains\php-security-work.pp\app\views\Main\index.php | Строка: 22
=================
[2024-01-08 15:39:16] Текст ошибки: Attempt to read property "id" on string | Файл: F:\0_SERVER\OSPanel_543\domains\php-security-work.pp\app\views\Main\index.php | Строка: 27
=================
[2024-01-08 15:40:15] Текст ошибки: Attempt to read property "id" on string | Файл: F:\0_SERVER\OSPanel_543\domains\php-security-work.pp\app\views\Main\index.php | Строка: 27
=================
[2024-01-08 15:41:53] Текст ошибки: Attempt to read property "id" on string | Файл: F:\0_SERVER\OSPanel_543\domains\php-security-work.pp\app\views\Main\index.php | Строка: 27
=================
[2024-01-08 15:43:02] Текст ошибки: Attempt to read property "id" on string | Файл: F:\0_SERVER\OSPanel_543\domains\php-security-work.pp\app\views\Main\index.php | Строка: 27
=================
[2024-01-08 15:46:00] Текст ошибки: Attempt to read property "id" on string | Файл: F:\0_SERVER\OSPanel_543\domains\php-security-work.pp\app\views\Main\index.php | Строка: 28
=================
[2024-01-08 15:46:01] Текст ошибки: Attempt to read property "id" on string | Файл: F:\0_SERVER\OSPanel_543\domains\php-security-work.pp\app\views\Main\index.php | Строка: 28
=================
[2024-01-08 15:56:11] Текст ошибки: syntax error, unexpected token ";" | Файл: F:\0_SERVER\OSPanel_543\domains\php-security-work.pp\app\views\Main\index.php | Строка: 28
=================
[2024-01-08 15:58:28] Текст ошибки: SQLSTATE[42S02]: Base table or view not found: 1146 Table 'security_work.security_work' doesn't exist | Файл: F:\0_SERVER\OSPanel_543\domains\php-security-work.pp\vendor\gabordemooij\redbean\RedBeanPHP\Driver\RPDO.php | Строка: 206
=================
[2024-01-08 15:59:14] Текст ошибки: SQLSTATE[42S02]: Base table or view not found: 1146 Table 'security_work.name' doesn't exist | Файл: F:\0_SERVER\OSPanel_543\domains\php-security-work.pp\vendor\gabordemooij\redbean\RedBeanPHP\Driver\RPDO.php | Строка: 206
=================
[2024-01-08 17:36:56] Текст ошибки: compact(): Undefined variable $names | Файл: F:\0_SERVER\OSPanel_543\domains\php-security-work.pp\app\controllers\MainController.php | Строка: 31
=================
[2024-01-08 17:47:06] Текст ошибки: Attempt to read property "id" on array | Файл: F:\0_SERVER\OSPanel_543\domains\php-security-work.pp\app\views\Main\index.php | Строка: 28
=================
[2024-01-08 17:48:07] Текст ошибки: Attempt to read property "id" on array | Файл: F:\0_SERVER\OSPanel_543\domains\php-security-work.pp\app\views\Main\index.php | Строка: 28
=================
[2024-01-08 17:48:28] Текст ошибки: Attempt to read property "number_question" on array | Файл: F:\0_SERVER\OSPanel_543\domains\php-security-work.pp\app\views\Main\index.php | Строка: 28
=================
[2024-01-08 17:48:46] Текст ошибки: Attempt to read property "text_question" on array | Файл: F:\0_SERVER\OSPanel_543\domains\php-security-work.pp\app\views\Main\index.php | Строка: 28
=================
[2024-01-08 17:51:27] Текст ошибки: Attempt to read property "id" on array | Файл: F:\0_SERVER\OSPanel_543\domains\php-security-work.pp\app\views\Main\index.php | Строка: 29
=================
[2024-01-08 17:52:32] Текст ошибки: Attempt to read property "id" on array | Файл: F:\0_SERVER\OSPanel_543\domains\php-security-work.pp\app\views\Main\index.php | Строка: 27
=================
[2024-01-08 17:53:08] Текст ошибки: Attempt to read property "id" on array | Файл: F:\0_SERVER\OSPanel_543\domains\php-security-work.pp\app\views\Main\index.php | Строка: 29
=================
[2024-01-08 17:54:56] Текст ошибки: Attempt to read property "id" on array | Файл: F:\0_SERVER\OSPanel_543\domains\php-security-work.pp\app\views\Main\index.php | Строка: 29
=================
[2024-01-08 17:54:59] Текст ошибки: Attempt to read property "id" on array | Файл: F:\0_SERVER\OSPanel_543\domains\php-security-work.pp\app\views\Main\index.php | Строка: 29
=================
[2024-01-08 17:54:59] Текст ошибки: Attempt to read property "id" on array | Файл: F:\0_SERVER\OSPanel_543\domains\php-security-work.pp\app\views\Main\index.php | Строка: 29
=================
[2024-01-08 17:55:00] Текст ошибки: Attempt to read property "id" on array | Файл: F:\0_SERVER\OSPanel_543\domains\php-security-work.pp\app\views\Main\index.php | Строка: 29
=================
[2024-01-08 17:55:00] Текст ошибки: Attempt to read property "id" on array | Файл: F:\0_SERVER\OSPanel_543\domains\php-security-work.pp\app\views\Main\index.php | Строка: 29
=================
[2024-01-08 17:55:00] Текст ошибки: Attempt to read property "id" on array | Файл: F:\0_SERVER\OSPanel_543\domains\php-security-work.pp\app\views\Main\index.php | Строка: 29
=================
[2024-01-08 17:55:00] Текст ошибки: Attempt to read property "id" on array | Файл: F:\0_SERVER\OSPanel_543\domains\php-security-work.pp\app\views\Main\index.php | Строка: 29
=================
[2024-01-08 17:55:34] Текст ошибки: Attempt to read property "id" on array | Файл: F:\0_SERVER\OSPanel_543\domains\php-security-work.pp\app\views\Main\index.php | Строка: 29
=================
[2024-01-08 17:57:25] Текст ошибки: Attempt to read property "id" on array | Файл: F:\0_SERVER\OSPanel_543\domains\php-security-work.pp\app\views\Main\index.php | Строка: 29
=================
[2024-01-08 17:59:12] Текст ошибки: Attempt to read property "id" on array | Файл: F:\0_SERVER\OSPanel_543\domains\php-security-work.pp\app\views\Main\index.php | Строка: 29
=================
[2024-01-08 17:59:46] Текст ошибки: Attempt to read property "id" on array | Файл: F:\0_SERVER\OSPanel_543\domains\php-security-work.pp\app\views\Main\index.php | Строка: 29
=================
[2024-01-08 17:59:48] Текст ошибки: Attempt to read property "id" on array | Файл: F:\0_SERVER\OSPanel_543\domains\php-security-work.pp\app\views\Main\index.php | Строка: 29
=================
[2024-01-08 17:59:55] Текст ошибки: Attempt to read property "id" on array | Файл: F:\0_SERVER\OSPanel_543\domains\php-security-work.pp\app\views\Main\index.php | Строка: 29
=================
[2024-01-08 18:01:37] Текст ошибки: Attempt to read property "id" on array | Файл: F:\0_SERVER\OSPanel_543\domains\php-security-work.pp\app\views\Main\index.php | Строка: 29
=================
[2024-01-08 18:03:26] Текст ошибки: Attempt to read property "id" on array | Файл: F:\0_SERVER\OSPanel_543\domains\php-security-work.pp\app\views\Main\index.php | Строка: 29
=================
[2024-01-08 18:03:27] Текст ошибки: Attempt to read property "id" on array | Файл: F:\0_SERVER\OSPanel_543\domains\php-security-work.pp\app\views\Main\index.php | Строка: 29
=================
[2024-01-08 18:03:28] Текст ошибки: Attempt to read property "id" on array | Файл: F:\0_SERVER\OSPanel_543\domains\php-security-work.pp\app\views\Main\index.php | Строка: 29
=================
[2024-01-08 18:03:28] Текст ошибки: Attempt to read property "id" on array | Файл: F:\0_SERVER\OSPanel_543\domains\php-security-work.pp\app\views\Main\index.php | Строка: 29
=================
[2024-01-08 18:03:28] Текст ошибки: Attempt to read property "id" on array | Файл: F:\0_SERVER\OSPanel_543\domains\php-security-work.pp\app\views\Main\index.php | Строка: 29
=================
[2024-01-08 18:07:03] Текст ошибки: Attempt to read property "id" on array | Файл: F:\0_SERVER\OSPanel_543\domains\php-security-work.pp\app\views\Main\index.php | Строка: 29
=================
[2024-01-08 18:07:23] Текст ошибки: Attempt to read property "id" on array | Файл: F:\0_SERVER\OSPanel_543\domains\php-security-work.pp\app\views\Main\index.php | Строка: 29
=================
[2024-01-08 18:07:24] Текст ошибки: Attempt to read property "id" on array | Файл: F:\0_SERVER\OSPanel_543\domains\php-security-work.pp\app\views\Main\index.php | Строка: 29
=================
[2024-01-08 18:07:24] Текст ошибки: Attempt to read property "id" on array | Файл: F:\0_SERVER\OSPanel_543\domains\php-security-work.pp\app\views\Main\index.php | Строка: 29
=================
[2024-01-08 18:18:42] Текст ошибки: Attempt to read property "id" on array | Файл: F:\0_SERVER\OSPanel_543\domains\php-security-work.pp\app\views\Main\index.php | Строка: 29
=================
[2024-01-14 09:06:07] Текст ошибки: Страница не найдена! | Файл: F:\0_SERVER\OSPanel_543\domains\php-security-work.pp\vendor\wfm\Router.php | Строка: 63
=================
[2024-01-14 09:06:08] Текст ошибки: Страница не найдена! | Файл: F:\0_SERVER\OSPanel_543\domains\php-security-work.pp\vendor\wfm\Router.php | Строка: 63
=================
